app/build/intermediates/manifest_merge_blame_file/debug/manifest-merger-blame-debug-report.txt
1<?xml version="1.0" encoding="utf-8"?>
2<manifest xmlns:android="http://schemas.android.com/apk/res/android"
3    package="com.sambhav.tictactoe"
4    android:versionCode="1"
5    android:versionName="1.0" >
6
7    <uses-sdk
8        android:minSdkVersion="16"
8-->src\main\AndroidManifest.xml
9        android:targetSdkVersion="30" />
9-->src\main\AndroidManifest.xml
10
11    <uses-permission android:name="android.permission.INTERNET" />
11-->src\main\AndroidManifest.xml:5:5-67
11-->src\main\AndroidManifest.xml:5:22-64
12    <uses-permission android:name="android.permission.VIBRATE" />
12-->src\main\AndroidManifest.xml:6:5-66
12-->src\main\AndroidManifest.xml:6:22-63
13    <uses-permission android:name="android.permission.ACCESS_NETWORK_STATE" />
13-->[com.google.firebase:firebase-config:20.0.2] AndroidManifest.xml:25:5-79
13-->[com.google.firebase:firebase-config:20.0.2] AndroidManifest.xml:25:22-76
14    <uses-permission android:name="android.permission.WAKE_LOCK" />
14-->[com.google.android.gms:play-services-measurement-api:18.0.0] AndroidManifest.xml:24:5-68
14-->[com.google.android.gms:play-services-measurement-api:18.0.0] AndroidManifest.xml:24:22-65
15    <uses-permission android:name="com.google.android.finsky.permission.BIND_GET_INSTALL_REFERRER_SERVICE" /> <!-- Android package visibility setting -->
15-->[com.google.android.gms:play-services-measurement:18.0.0] AndroidManifest.xml:26:5-110
15-->[com.google.android.gms:play-services-measurement:18.0.0] AndroidManifest.xml:26:22-107
16    <queries>
16-->[com.google.android.gms:play-services-ads-lite:19.7.0] AndroidManifest.xml:27:5-43:15
17
18        <!-- For browser content -->
19        <intent>
19-->[com.google.android.gms:play-services-ads-lite:19.7.0] AndroidManifest.xml:30:9-36:18
20            <action android:name="android.intent.action.VIEW" />
20-->[com.google.android.gms:play-services-ads-lite:19.7.0] AndroidManifest.xml:31:13-65
20-->[com.google.android.gms:play-services-ads-lite:19.7.0] AndroidManifest.xml:31:21-62
21
22            <category android:name="android.intent.category.BROWSABLE" />
22-->[com.google.android.gms:play-services-ads-lite:19.7.0] AndroidManifest.xml:33:13-74
22-->[com.google.android.gms:play-services-ads-lite:19.7.0] AndroidManifest.xml:33:23-71
23
24            <data android:scheme="https" />
24-->[com.google.android.gms:play-services-ads-lite:19.7.0] AndroidManifest.xml:35:13-44
24-->[com.google.android.gms:play-services-ads-lite:19.7.0] AndroidManifest.xml:35:19-41
25        </intent>
26        <!-- End of browser content -->
27        <!-- For CustomTabsService -->
28        <intent>
28-->[com.google.android.gms:play-services-ads-lite:19.7.0] AndroidManifest.xml:39:9-41:18
29            <action android:name="android.support.customtabs.action.CustomTabsService" />
29-->[com.google.android.gms:play-services-ads-lite:19.7.0] AndroidManifest.xml:40:13-90
29-->[com.google.android.gms:play-services-ads-lite:19.7.0] AndroidManifest.xml:40:21-87
30        </intent>
31        <!-- End of CustomTabsService -->
32    </queries>
33
34    <uses-permission android:name="android.permission.RECEIVE_BOOT_COMPLETED" />
34-->[androidx.work:work-runtime:2.1.0] AndroidManifest.xml:27:5-81
34-->[androidx.work:work-runtime:2.1.0] AndroidManifest.xml:27:22-78
35
36    <application
36-->src\main\AndroidManifest.xml:7:5-29:19
37        android:name="com.sambhav.tictactoe.TicTacToe"
37-->src\main\AndroidManifest.xml:8:9-34
38        android:allowBackup="true"
38-->src\main\AndroidManifest.xml:9:9-35
39        android:appComponentFactory="androidx.core.app.CoreComponentFactory"
39-->[androidx.core:core:1.3.1] AndroidManifest.xml:24:18-86
40        android:debuggable="true"
41        android:icon="@mipmap/ic_launcher"
41-->src\main\AndroidManifest.xml:10:9-43
42        android:label="@string/app_name"
42-->src\main\AndroidManifest.xml:11:9-41
43        android:roundIcon="@mipmap/ic_launcher_round"
43-->src\main\AndroidManifest.xml:12:9-54
44        android:supportsRtl="true"
44-->src\main\AndroidManifest.xml:13:9-35
45        android:testOnly="true"
46        android:theme="@style/AppTheme" >
46-->src\main\AndroidManifest.xml:14:9-40
47        <meta-data
47-->src\main\AndroidManifest.xml:15:9-17:69
48            android:name="com.google.android.gms.ads.APPLICATION_ID"
48-->src\main\AndroidManifest.xml:16:13-69
49            android:value="ca-app-pub-2327118065226862~9410748713" />
49-->src\main\AndroidManifest.xml:17:13-67
50
51        <activity
51-->src\main\AndroidManifest.xml:18:9-20:61
52            android:name="com.sambhav.tictactoe.GameActivity"
52-->src\main\AndroidManifest.xml:18:19-47
53            android:configChanges="orientation|screenSize"
53-->src\main\AndroidManifest.xml:20:13-59
54            android:parentActivityName="com.sambhav.tictactoe.MainActivity" />
54-->src\main\AndroidManifest.xml:19:13-55
55        <activity
55-->src\main\AndroidManifest.xml:21:9-28:20
56            android:name="com.sambhav.tictactoe.MainActivity"
56-->src\main\AndroidManifest.xml:21:19-47
57            android:configChanges="orientation|screenSize" >
57-->src\main\AndroidManifest.xml:22:13-59
58            <intent-filter>
58-->src\main\AndroidManifest.xml:23:13-27:29
59                <action android:name="android.intent.action.MAIN" />
59-->src\main\AndroidManifest.xml:24:17-69
59-->src\main\AndroidManifest.xml:24:25-66
60
61                <category android:name="android.intent.category.LAUNCHER" />
61-->src\main\AndroidManifest.xml:26:17-77
61-->src\main\AndroidManifest.xml:26:27-74
62            </intent-filter>
63        </activity>
64
65        <service
65-->[com.google.firebase:firebase-config:20.0.2] AndroidManifest.xml:29:9-35:19
66            android:name="com.google.firebase.components.ComponentDiscoveryService"
66-->[com.google.firebase:firebase-config:20.0.2] AndroidManifest.xml:30:13-84
67            android:directBootAware="true"
67-->[com.google.firebase:firebase-common:19.5.0] AndroidManifest.xml:35:13-43
68            android:exported="false" >
68-->[com.google.firebase:firebase-config:20.0.2] AndroidManifest.xml:31:13-37
69            <meta-data
69-->[com.google.firebase:firebase-config:20.0.2] AndroidManifest.xml:32:13-34:85
70                android:name="com.google.firebase.components:com.google.firebase.remoteconfig.RemoteConfigRegistrar"
70-->[com.google.firebase:firebase-config:20.0.2] AndroidManifest.xml:33:17-117
71                android:value="com.google.firebase.components.ComponentRegistrar" />
71-->[com.google.firebase:firebase-config:20.0.2] AndroidManifest.xml:34:17-82
72            <meta-data
72-->[com.google.android.gms:play-services-measurement-api:18.0.0] AndroidManifest.xml:30:13-32:85
73                android:name="com.google.firebase.components:com.google.firebase.analytics.connector.internal.AnalyticsConnectorRegistrar"
73-->[com.google.android.gms:play-services-measurement-api:18.0.0] AndroidManifest.xml:31:17-139
74                android:value="com.google.firebase.components.ComponentRegistrar" />
74-->[com.google.android.gms:play-services-measurement-api:18.0.0] AndroidManifest.xml:32:17-82
75            <meta-data
75-->[com.google.firebase:firebase-abt:20.0.0] AndroidManifest.xml:13:13-15:85
76                android:name="com.google.firebase.components:com.google.firebase.abt.component.AbtRegistrar"
76-->[com.google.firebase:firebase-abt:20.0.0] AndroidManifest.xml:14:17-109
77                android:value="com.google.firebase.components.ComponentRegistrar" />
77-->[com.google.firebase:firebase-abt:20.0.0] AndroidManifest.xml:15:17-82
78            <meta-data
78-->[com.google.firebase:firebase-installations:16.3.5] AndroidManifest.xml:18:13-20:85
79                android:name="com.google.firebase.components:com.google.firebase.installations.FirebaseInstallationsRegistrar"
79-->[com.google.firebase:firebase-installations:16.3.5] AndroidManifest.xml:19:17-127
80                android:value="com.google.firebase.components.ComponentRegistrar" />
80-->[com.google.firebase:firebase-installations:16.3.5] AndroidManifest.xml:20:17-82
81            <!--
82                This registrar is not defined in the dynamic-module-support sdk itself to allow non-firebase
83                clients to use it as well, by defining this registrar in their own core/common library.
84            -->
85            <meta-data
85-->[com.google.firebase:firebase-common:19.5.0] AndroidManifest.xml:43:13-45:85
86                android:name="com.google.firebase.components:com.google.firebase.dynamicloading.DynamicLoadingRegistrar"
86-->[com.google.firebase:firebase-common:19.5.0] AndroidManifest.xml:44:17-121
87                android:value="com.google.firebase.components.ComponentRegistrar" />
87-->[com.google.firebase:firebase-common:19.5.0] AndroidManifest.xml:45:17-82
88        </service>
89
90        <provider
90-->[com.google.firebase:firebase-common:19.5.0] AndroidManifest.xml:26:9-31:39
91            android:name="com.google.firebase.provider.FirebaseInitProvider"
91-->[com.google.firebase:firebase-common:19.5.0] AndroidManifest.xml:27:13-77
92            android:authorities="com.sambhav.tictactoe.firebaseinitprovider"
92-->[com.google.firebase:firebase-common:19.5.0] AndroidManifest.xml:28:13-72
93            android:directBootAware="true"
93-->[com.google.firebase:firebase-common:19.5.0] AndroidManifest.xml:29:13-43
94            android:exported="false"
94-->[com.google.firebase:firebase-common:19.5.0] AndroidManifest.xml:30:13-37
95            android:initOrder="100" />
95-->[com.google.firebase:firebase-common:19.5.0] AndroidManifest.xml:31:13-36
96
97        <receiver
97-->[com.google.android.gms:play-services-measurement:18.0.0] AndroidManifest.xml:29:9-33:20
98            android:name="com.google.android.gms.measurement.AppMeasurementReceiver"
98-->[com.google.android.gms:play-services-measurement:18.0.0] AndroidManifest.xml:30:13-85
99            android:enabled="true"
99-->[com.google.android.gms:play-services-measurement:18.0.0] AndroidManifest.xml:31:13-35
100            android:exported="false" >
100-->[com.google.android.gms:play-services-measurement:18.0.0] AndroidManifest.xml:32:13-37
101        </receiver>
102
103        <service
103-->[com.google.android.gms:play-services-measurement:18.0.0] AndroidManifest.xml:35:9-38:40
104            android:name="com.google.android.gms.measurement.AppMeasurementService"
104-->[com.google.android.gms:play-services-measurement:18.0.0] AndroidManifest.xml:36:13-84
105            android:enabled="true"
105-->[com.google.android.gms:play-services-measurement:18.0.0] AndroidManifest.xml:37:13-35
106            android:exported="false" />
106-->[com.google.android.gms:play-services-measurement:18.0.0] AndroidManifest.xml:38:13-37
107        <service
107-->[com.google.android.gms:play-services-measurement:18.0.0] AndroidManifest.xml:39:9-43:72
108            android:name="com.google.android.gms.measurement.AppMeasurementJobService"
108-->[com.google.android.gms:play-services-measurement:18.0.0] AndroidManifest.xml:40:13-87
109            android:enabled="true"
109-->[com.google.android.gms:play-services-measurement:18.0.0] AndroidManifest.xml:41:13-35
110            android:exported="false"
110-->[com.google.android.gms:play-services-measurement:18.0.0] AndroidManifest.xml:42:13-37
111            android:permission="android.permission.BIND_JOB_SERVICE" /> <!-- Include the AdActivity and InAppPurchaseActivity configChanges and themes. -->
111-->[com.google.android.gms:play-services-measurement:18.0.0] AndroidManifest.xml:43:13-69
112        <activity
112-->[com.google.android.gms:play-services-ads-lite:19.7.0] AndroidManifest.xml:48:9-52:64
113            android:name="com.google.android.gms.ads.AdActivity"
113-->[com.google.android.gms:play-services-ads-lite:19.7.0] AndroidManifest.xml:49:13-65
114            android:configChanges="keyboard|keyboardHidden|orientation|screenLayout|uiMode|screenSize|smallestScreenSize"
114-->[com.google.android.gms:play-services-ads-lite:19.7.0] AndroidManifest.xml:50:13-122
115            android:exported="false"
115-->[com.google.android.gms:play-services-ads-lite:19.7.0] AndroidManifest.xml:51:13-37
116            android:theme="@android:style/Theme.Translucent" />
116-->[com.google.android.gms:play-services-ads-lite:19.7.0] AndroidManifest.xml:52:13-61
117
118        <provider
118-->[com.google.android.gms:play-services-ads-lite:19.7.0] AndroidManifest.xml:54:9-58:39
119            android:name="com.google.android.gms.ads.MobileAdsInitProvider"
119-->[com.google.android.gms:play-services-ads-lite:19.7.0] AndroidManifest.xml:55:13-76
120            android:authorities="com.sambhav.tictactoe.mobileadsinitprovider"
120-->[com.google.android.gms:play-services-ads-lite:19.7.0] AndroidManifest.xml:56:13-73
121            android:exported="false"
121-->[com.google.android.gms:play-services-ads-lite:19.7.0] AndroidManifest.xml:57:13-37
122            android:initOrder="100" />
122-->[com.google.android.gms:play-services-ads-lite:19.7.0] AndroidManifest.xml:58:13-36
123
124        <service
124-->[com.google.android.gms:play-services-ads-lite:19.7.0] AndroidManifest.xml:60:9-63:40
125            android:name="com.google.android.gms.ads.AdService"
125-->[com.google.android.gms:play-services-ads-lite:19.7.0] AndroidManifest.xml:61:13-64
126            android:enabled="true"
126-->[com.google.android.gms:play-services-ads-lite:19.7.0] AndroidManifest.xml:62:13-35
127            android:exported="false" />
127-->[com.google.android.gms:play-services-ads-lite:19.7.0] AndroidManifest.xml:63:13-37
128
129        <meta-data
129-->[com.google.android.gms:play-services-basement:17.3.0] AndroidManifest.xml:23:9-25:69
130            android:name="com.google.android.gms.version"
130-->[com.google.android.gms:play-services-basement:17.3.0] AndroidManifest.xml:24:13-58
131            android:value="@integer/google_play_services_version" />
131-->[com.google.android.gms:play-services-basement:17.3.0] AndroidManifest.xml:25:13-66
132
133        <provider
133-->[androidx.work:work-runtime:2.1.0] AndroidManifest.xml:30:9-36:35
134            android:name="androidx.work.impl.WorkManagerInitializer"
134-->[androidx.work:work-runtime:2.1.0] AndroidManifest.xml:31:13-69
135            android:authorities="com.sambhav.tictactoe.workmanager-init"
135-->[androidx.work:work-runtime:2.1.0] AndroidManifest.xml:32:13-68
136            android:directBootAware="false"
136-->[androidx.work:work-runtime:2.1.0] AndroidManifest.xml:33:13-44
137            android:exported="false"
137-->[androidx.work:work-runtime:2.1.0] AndroidManifest.xml:34:13-37
138            android:multiprocess="true" />
138-->[androidx.work:work-runtime:2.1.0] AndroidManifest.xml:35:13-40
139
140        <service
140-->[androidx.work:work-runtime:2.1.0] AndroidManifest.xml:38:9-43:35
141            android:name="androidx.work.impl.background.systemalarm.SystemAlarmService"
141-->[androidx.work:work-runtime:2.1.0] AndroidManifest.xml:39:13-88
142            android:directBootAware="false"
142-->[androidx.work:work-runtime:2.1.0] AndroidManifest.xml:40:13-44
143            android:enabled="@bool/enable_system_alarm_service_default"
143-->[androidx.work:work-runtime:2.1.0] AndroidManifest.xml:41:13-72
144            android:exported="false" />
144-->[androidx.work:work-runtime:2.1.0] AndroidManifest.xml:42:13-37
145        <service
145-->[androidx.work:work-runtime:2.1.0] AndroidManifest.xml:44:9-50:35
146            android:name="androidx.work.impl.background.systemjob.SystemJobService"
146-->[androidx.work:work-runtime:2.1.0] AndroidManifest.xml:45:13-84
147            android:directBootAware="false"
147-->[androidx.work:work-runtime:2.1.0] AndroidManifest.xml:46:13-44
148            android:enabled="@bool/enable_system_job_service_default"
148-->[androidx.work:work-runtime:2.1.0] AndroidManifest.xml:47:13-70
149            android:exported="true"
149-->[androidx.work:work-runtime:2.1.0] AndroidManifest.xml:48:13-36
150            android:permission="android.permission.BIND_JOB_SERVICE" />
150-->[androidx.work:work-runtime:2.1.0] AndroidManifest.xml:49:13-69
151
152        <receiver
152-->[androidx.work:work-runtime:2.1.0] AndroidManifest.xml:52:9-57:35
153            android:name="androidx.work.impl.utils.ForceStopRunnable$BroadcastReceiver"
153-->[androidx.work:work-runtime:2.1.0] AndroidManifest.xml:53:13-88
154            android:directBootAware="false"
154-->[androidx.work:work-runtime:2.1.0] AndroidManifest.xml:54:13-44
155            android:enabled="true"
155-->[androidx.work:work-runtime:2.1.0] AndroidManifest.xml:55:13-35
156            android:exported="false" />
156-->[androidx.work:work-runtime:2.1.0] AndroidManifest.xml:56:13-37
157        <receiver
157-->[androidx.work:work-runtime:2.1.0] AndroidManifest.xml:58:9-68:20
158            android:name="androidx.work.impl.background.systemalarm.ConstraintProxy$BatteryChargingProxy"
158-->[androidx.work:work-runtime:2.1.0] AndroidManifest.xml:59:13-106
159            android:directBootAware="false"
159-->[androidx.work:work-runtime:2.1.0] AndroidManifest.xml:60:13-44
160            android:enabled="false"
160-->[androidx.work:work-runtime:2.1.0] AndroidManifest.xml:61:13-36
161            android:exported="false" >
161-->[androidx.work:work-runtime:2.1.0] AndroidManifest.xml:62:13-37
162            <intent-filter>
162-->[androidx.work:work-runtime:2.1.0] AndroidManifest.xml:64:13-67:29
163                <action android:name="android.intent.action.ACTION_POWER_CONNECTED" />
163-->[androidx.work:work-runtime:2.1.0] AndroidManifest.xml:65:17-87
163-->[androidx.work:work-runtime:2.1.0] AndroidManifest.xml:65:25-84
164                <action android:name="android.intent.action.ACTION_POWER_DISCONNECTED" />
164-->[androidx.work:work-runtime:2.1.0] AndroidManifest.xml:66:17-90
164-->[androidx.work:work-runtime:2.1.0] AndroidManifest.xml:66:25-87
165            </intent-filter>
166        </receiver>
167        <receiver
167-->[androidx.work:work-runtime:2.1.0] AndroidManifest.xml:69:9-79:20
168            android:name="androidx.work.impl.background.systemalarm.ConstraintProxy$BatteryNotLowProxy"
168-->[androidx.work:work-runtime:2.1.0] AndroidManifest.xml:70:13-104
169            android:directBootAware="false"
169-->[androidx.work:work-runtime:2.1.0] AndroidManifest.xml:71:13-44
170            android:enabled="false"
170-->[androidx.work:work-runtime:2.1.0] AndroidManifest.xml:72:13-36
171            android:exported="false" >
171-->[androidx.work:work-runtime:2.1.0] AndroidManifest.xml:73:13-37
172            <intent-filter>
172-->[androidx.work:work-runtime:2.1.0] AndroidManifest.xml:75:13-78:29
173                <action android:name="android.intent.action.BATTERY_OKAY" />
173-->[androidx.work:work-runtime:2.1.0] AndroidManifest.xml:76:17-77
173-->[androidx.work:work-runtime:2.1.0] AndroidManifest.xml:76:25-74
174                <action android:name="android.intent.action.BATTERY_LOW" />
174-->[androidx.work:work-runtime:2.1.0] AndroidManifest.xml:77:17-76
174-->[androidx.work:work-runtime:2.1.0] AndroidManifest.xml:77:25-73
175            </intent-filter>
176        </receiver>
177        <receiver
177-->[androidx.work:work-runtime:2.1.0] AndroidManifest.xml:80:9-90:20
178            android:name="androidx.work.impl.background.systemalarm.ConstraintProxy$StorageNotLowProxy"
178-->[androidx.work:work-runtime:2.1.0] AndroidManifest.xml:81:13-104
179            android:directBootAware="false"
179-->[androidx.work:work-runtime:2.1.0] AndroidManifest.xml:82:13-44
180            android:enabled="false"
180-->[androidx.work:work-runtime:2.1.0] AndroidManifest.xml:83:13-36
181            android:exported="false" >
181-->[androidx.work:work-runtime:2.1.0] AndroidManifest.xml:84:13-37
182            <intent-filter>
182-->[androidx.work:work-runtime:2.1.0] AndroidManifest.xml:86:13-89:29
183                <action android:name="android.intent.action.DEVICE_STORAGE_LOW" />
183-->[androidx.work:work-runtime:2.1.0] AndroidManifest.xml:87:17-83
183-->[androidx.work:work-runtime:2.1.0] AndroidManifest.xml:87:25-80
184                <action android:name="android.intent.action.DEVICE_STORAGE_OK" />
184-->[androidx.work:work-runtime:2.1.0] AndroidManifest.xml:88:17-82
184-->[androidx.work:work-runtime:2.1.0] AndroidManifest.xml:88:25-79
185            </intent-filter>
186        </receiver>
187        <receiver
187-->[androidx.work:work-runtime:2.1.0] AndroidManifest.xml:91:9-100:20
188            android:name="androidx.work.impl.background.systemalarm.ConstraintProxy$NetworkStateProxy"
188-->[androidx.work:work-runtime:2.1.0] AndroidManifest.xml:92:13-103
189            android:directBootAware="false"
189-->[androidx.work:work-runtime:2.1.0] AndroidManifest.xml:93:13-44
190            android:enabled="false"
190-->[androidx.work:work-runtime:2.1.0] AndroidManifest.xml:94:13-36
191            android:exported="false" >
191-->[androidx.work:work-runtime:2.1.0] AndroidManifest.xml:95:13-37
192            <intent-filter>
192-->[androidx.work:work-runtime:2.1.0] AndroidManifest.xml:97:13-99:29
193                <action android:name="android.net.conn.CONNECTIVITY_CHANGE" />
193-->[androidx.work:work-runtime:2.1.0] AndroidManifest.xml:98:17-79
193-->[androidx.work:work-runtime:2.1.0] AndroidManifest.xml:98:25-76
194            </intent-filter>
195        </receiver>
196        <receiver
196-->[androidx.work:work-runtime:2.1.0] AndroidManifest.xml:101:9-112:20
197            android:name="androidx.work.impl.background.systemalarm.RescheduleReceiver"
197-->[androidx.work:work-runtime:2.1.0] AndroidManifest.xml:102:13-88
198            android:directBootAware="false"
198-->[androidx.work:work-runtime:2.1.0] AndroidManifest.xml:103:13-44
199            android:enabled="false"
199-->[androidx.work:work-runtime:2.1.0] AndroidManifest.xml:104:13-36
200            android:exported="false" >
200-->[androidx.work:work-runtime:2.1.0] AndroidManifest.xml:105:13-37
201            <intent-filter>
201-->[androidx.work:work-runtime:2.1.0] AndroidManifest.xml:107:13-111:29
202                <action android:name="android.intent.action.BOOT_COMPLETED" />
202-->[androidx.work:work-runtime:2.1.0] AndroidManifest.xml:108:17-79
202-->[androidx.work:work-runtime:2.1.0] AndroidManifest.xml:108:25-76
203                <action android:name="android.intent.action.TIME_SET" />
203-->[androidx.work:work-runtime:2.1.0] AndroidManifest.xml:109:17-73
203-->[androidx.work:work-runtime:2.1.0] AndroidManifest.xml:109:25-70
204                <action android:name="android.intent.action.TIMEZONE_CHANGED" />
204-->[androidx.work:work-runtime:2.1.0] AndroidManifest.xml:110:17-81
204-->[androidx.work:work-runtime:2.1.0] AndroidManifest.xml:110:25-78
205            </intent-filter>
206        </receiver>
207        <receiver
207-->[androidx.work:work-runtime:2.1.0] AndroidManifest.xml:113:9-122:20
208            android:name="androidx.work.impl.background.systemalarm.ConstraintProxyUpdateReceiver"
208-->[androidx.work:work-runtime:2.1.0] AndroidManifest.xml:114:13-99
209            android:directBootAware="false"
209-->[androidx.work:work-runtime:2.1.0] AndroidManifest.xml:115:13-44
210            android:enabled="@bool/enable_system_alarm_service_default"
210-->[androidx.work:work-runtime:2.1.0] AndroidManifest.xml:116:13-72
211            android:exported="false" >
211-->[androidx.work:work-runtime:2.1.0] AndroidManifest.xml:117:13-37
212            <intent-filter>
212-->[androidx.work:work-runtime:2.1.0] AndroidManifest.xml:119:13-121:29
213                <action android:name="androidx.work.impl.background.systemalarm.UpdateProxies" />
213-->[androidx.work:work-runtime:2.1.0] AndroidManifest.xml:120:17-98
213-->[androidx.work:work-runtime:2.1.0] AndroidManifest.xml:120:25-95
214            </intent-filter>
215        </receiver>
216
217        <service
217-->[androidx.room:room-runtime:2.1.0] AndroidManifest.xml:25:9-27:40
218            android:name="androidx.room.MultiInstanceInvalidationService"
218-->[androidx.room:room-runtime:2.1.0] AndroidManifest.xml:26:13-74
219            android:exported="false" />
219-->[androidx.room:room-runtime:2.1.0] AndroidManifest.xml:27:13-37
220    </application>
221
222</manifest>